Using pre-set license
Built from '2020.3/release' branch; Version is '2020.3.12f1 (b3b2c6512326) revision 11776710'; Using compiler version '192528614'; Build Type 'Release'
OS: 'Windows 10 Pro; OS build 19042.1165; Version 2009; 64bit' Language: 'en' Physical Memory: 16309 MB
BatchMode: 1, IsHumanControllingUs: 0, StartBugReporterOnCrash: 0, Is64bit: 1, IsPro: 0

 COMMAND LINE ARGUMENTS:
C:\Program Files\Unity\Editor\Unity.exe
-adb2
-batchMode
-noUpm
-name
AssetImportWorker0
-projectPath
C:/Users/Adeel/Desktop/DIG 4715/GDP Project 2
-logFile
Logs/AssetImportWorker0.log
-srvPort
61239
Successfully changed project path to: C:/Users/Adeel/Desktop/DIG 4715/GDP Project 2
C:/Users/Adeel/Desktop/DIG 4715/GDP Project 2
Using Asset Import Pipeline V2.
Refreshing native plugins compatible for Editor in 66.91 ms, found 2 plugins.
Preloading 0 native plugins for Editor in 0.00 ms.
Initialize engine version: 2020.3.12f1 (b3b2c6512326)
[Subsystems] Discovering subsystems at path C:/Program Files/Unity/Editor/Data/Resources/UnitySubsystems
[Subsystems] Discovering subsystems at path C:/Users/Adeel/Desktop/DIG 4715/GDP Project 2/Assets
GfxDevice: creating device client; threaded=0
Direct3D:
    Version:  Direct3D 11.0 [level 11.1]
    Renderer: NVIDIA GeForce GTX 1080 Ti (ID=0x1b06)
    Vendor:   
    VRAM:     11127 MB
    Driver:   30.0.14.7196
Initialize mono
Mono path[0] = 'C:/Program Files/Unity/Editor/Data/Managed'
Mono path[1] = 'C:/Program Files/Unity/Editor/Data/MonoBleedingEdge/lib/mono/unityjit'
Mono config path = 'C:/Program Files/Unity/Editor/Data/MonoBleedingEdge/etc'
Using monoOptions --debugger-agent=transport=dt_socket,embedding=1,server=y,suspend=n,address=127.0.0.1:56864
Begin MonoManager ReloadAssembly
Registering precompiled unity dll's ...
Register platform support module: C:/Program Files/Unity/Editor/Data/PlaybackEngines/WindowsStandaloneSupport/UnityEditor.WindowsStandalone.Extensions.dll
Registered in 0.091280 seconds.
Native extension for WindowsStandalone target not found
Refreshing native plugins compatible for Editor in 18.87 ms, found 2 plugins.
Preloading 0 native plugins for Editor in 0.00 ms.
Mono: successfully reloaded assembly
- Completed reload, in  2.552 seconds
Platform modules already initialized, skipping
Registering precompiled user dll's ...
Registered in 0.364894 seconds.
Begin MonoManager ReloadAssembly
Native extension for WindowsStandalone target not found
Refreshing native plugins compatible for Editor in 0.26 ms, found 2 plugins.
Preloading 0 native plugins for Editor in 0.00 ms.
Mono: successfully reloaded assembly
- Completed reload, in  1.851 seconds
Platform modules already initialized, skipping
========================================================================
Worker process is ready to serve import requests
Launched and connected shader compiler UnityShaderCompiler.exe after 0.05 seconds
Refreshing native plugins compatible for Editor in 0.26 ms, found 2 plugins.
Preloading 0 native plugins for Editor in 0.00 ms.
Unloading 1386 Unused Serialized files (Serialized files now loaded: 0)
System memory in use before: 64.7 MB.
System memory in use after: 64.7 MB.

Unloading 19 unused Assets to reduce memory usage. Loaded Objects now: 1819.
Total: 1.533300 ms (FindLiveObjects: 0.100800 ms CreateObjectMapping: 0.031600 ms MarkObjects: 1.345900 ms  DeleteObjects: 0.054200 ms)

AssetImportParameters requested are different than current active one (requested -> active):
  custom:framework-win-MediaFoundation: 216162199b28c13a410421893ffa2e32 -> 
  custom:video-decoder-ogg-theora: a1e56fd34408186e4bbccfd4996cb3dc -> 
  custom:container-muxer-webm: aa71ff27fc2769a1b78a27578f13a17b -> 
  custom:container-demuxer-webm: 4f35f7cbe854078d1ac9338744f61a02 -> 
  custom:container-demuxer-ogg: 62fdf1f143b41e24485cea50d1cbac27 -> 
  custom:video-encoder-webm-vp8: eb34c28f22e8b96e1ab97ce403110664 -> 
  custom:video-decoder-webm-vp8: 9c59270c3fd7afecdb556c50c9e8de78 -> 
  custom:audio-decoder-ogg-vorbis: bf7c407c2cedff20999df2af8eb42d56 -> 
  custom:audio-encoder-webm-vorbis: bf7c407c2cedff20999df2af8eb42d56 -> 
========================================================================
Received Import Request.
  path: Assets/Scenes
  artifactKey: Guid(de456de480d44c943ad491bf0ffd29e8) Importer(815301076,1909f56bfc062723c751e8b465ee728b)
Start importing Assets/Scenes using Guid(de456de480d44c943ad491bf0ffd29e8) Importer(815301076,1909f56bfc062723c751e8b465ee728b)  -> (artifact id: '0e532b48fda603f81677e6aee7b8962d') in 0.005893 seconds 
  Import took 0.007569 seconds .

========================================================================
Received Import Request.
  Time since last request: 156.279293 seconds.
  path: Assets/Walls.prefab
  artifactKey: Guid(76e4b1d4ff8d3ee4592d1c9d0f135f8e) Importer(815301076,1909f56bfc062723c751e8b465ee728b)
Start importing Assets/Walls.prefab using Guid(76e4b1d4ff8d3ee4592d1c9d0f135f8e) Importer(815301076,1909f56bfc062723c751e8b465ee728b)  -> (artifact id: '6eaa67a6f4c7fd2e3a95d12b06116906') in 0.076324 seconds 
  Import took 0.078662 seconds .

========================================================================
Received Import Request.
  Time since last request: 244.319899 seconds.
  path: Assets/Planted for Masuo.prefab
  artifactKey: Guid(e36a29faafc1f134e91e78be065db507) Importer(815301076,1909f56bfc062723c751e8b465ee728b)
Start importing Assets/Planted for Masuo.prefab using Guid(e36a29faafc1f134e91e78be065db507) Importer(815301076,1909f56bfc062723c751e8b465ee728b)  -> (artifact id: 'd3a30e34e8e951a3f22f52e34bf8a5d0') in 0.010163 seconds 
  Import took 0.012337 seconds .

AssetImportWorkerClient::OnTransportError - code=2 error=End of file
